<?xml version="1.0" encoding="UTF-8"?>
<!-- Generated by org.testng.reporters.JUnitXMLReporter -->
<testsuite ignored="0" hostname="MinhNH" failures="0" tests="7" name="FavoriteTest" time="37.331" errors="0" timestamp="2021-12-13T08:26:04 ICT">
  <testcase classname="com.poly.service.testng_selenium.FavoriteTest" name="processLogin" time="2.894"/>
  <testcase classname="com.poly.service.testng_selenium.FavoriteTest" name="insertFavorite" time="9.981"/>
  <testcase classname="com.poly.service.testng_selenium.FavoriteTest" name="insertFavorite" time="6.973"/>
  <testcase classname="com.poly.service.testng_selenium.FavoriteTest" name="insertFavorite" time="6.168"/>
  <testcase classname="com.poly.service.testng_selenium.FavoriteTest" name="deleteFavorite" time="1.398"/>
  <testcase classname="com.poly.service.testng_selenium.FavoriteTest" name="deleteFavorite" time="1.347"/>
  <testcase classname="com.poly.service.testng_selenium.FavoriteTest" name="deleteFavorite" time="1.278"/>
</testsuite> <!-- FavoriteTest -->
