<?xml version="1.0" encoding="UTF-8"?>
<!-- Generated by org.testng.reporters.JUnitXMLReporter -->
<testsuite ignored="0" hostname="MinhNH" failures="0" tests="7" name="HistoryTest" time="29.148" errors="0" timestamp="2021-12-13T08:27:14 ICT">
  <testcase classname="com.poly.service.testng_selenium.HistoryTest" name="processLogin" time="2.574"/>
  <testcase classname="com.poly.service.testng_selenium.HistoryTest" name="insertHistory" time="5.426"/>
  <testcase classname="com.poly.service.testng_selenium.HistoryTest" name="insertHistory" time="4.903"/>
  <testcase classname="com.poly.service.testng_selenium.HistoryTest" name="insertHistory" time="4.558"/>
  <testcase classname="com.poly.service.testng_selenium.HistoryTest" name="deleteHistoty" time="1.38"/>
  <testcase classname="com.poly.service.testng_selenium.HistoryTest" name="deleteHistoty" time="1.29"/>
  <testcase classname="com.poly.service.testng_selenium.HistoryTest" name="deleteHistoty" time="1.225"/>
</testsuite> <!-- HistoryTest -->
