<?xml version="1.0" encoding="UTF-8"?>
<!-- Generated by org.testng.reporters.JUnitXMLReporter -->
<testsuite ignored="0" hostname="MinhNH" failures="0" tests="50" name="TestNG" time="5.69" errors="0" timestamp="2021-12-13T08:31:01 ICT">
  <testcase classname="com.poly.service.testng.LoginServiceTest" name="testLogin1" time="0.142"/>
  <testcase classname="com.poly.service.testng.LoginServiceTest" name="testLogin2" time="0.006"/>
  <testcase classname="com.poly.service.testng.LoginServiceTest" name="testLogin3" time="0.005"/>
  <testcase classname="com.poly.service.testng.VideoServiceTest" name="testSearchVideo1" time="0.037"/>
  <testcase classname="com.poly.service.testng.VideoServiceTest" name="testSearchVideo2" time="0.006"/>
  <testcase classname="com.poly.service.testng.VideoServiceTest" name="testVideoAdd1" time="0.116"/>
  <testcase classname="com.poly.service.testng.VideoServiceTest" name="testVideoAdd2" time="0.001"/>
  <testcase classname="com.poly.service.testng.VideoServiceTest" name="testVideoAdd3" time="0.002"/>
  <testcase classname="com.poly.service.testng.VideoServiceTest" name="testVideoAdd4" time="0.009"/>
  <testcase classname="com.poly.service.testng.VideoServiceTest" name="testVideoDelete1" time="0.023"/>
  <testcase classname="com.poly.service.testng.VideoServiceTest" name="testVideoDelete2" time="0.01"/>
  <testcase classname="com.poly.service.testng.VideoServiceTest" name="testVideoEdit1" time="0.01"/>
  <testcase classname="com.poly.service.testng.VideoServiceTest" name="testVideoEdit2" time="0.014"/>
  <testcase classname="com.poly.service.testng.VideoServiceTest" name="testVideoEdit3" time="0.014"/>
  <testcase classname="com.poly.service.testng.VideoServiceTest" name="testVideoList1" time="0.023"/>
  <testcase classname="com.poly.service.testng.VideoServiceTest" name="testVideoList2" time="0.012"/>
  <testcase classname="com.poly.service.testng.UserServiceTest" name="testUserAdd1" time="0.021"/>
  <testcase classname="com.poly.service.testng.UserServiceTest" name="testUserAdd2" time="0.001"/>
  <testcase classname="com.poly.service.testng.UserServiceTest" name="testUserAdd3" time="0.002"/>
  <testcase classname="com.poly.service.testng.UserServiceTest" name="testUserAdd4" time="0.024"/>
  <testcase classname="com.poly.service.testng.UserServiceTest" name="testUserAdd5" time="0.081"/>
  <testcase classname="com.poly.service.testng.UserServiceTest" name="testUserDelete1" time="0.082"/>
  <testcase classname="com.poly.service.testng.UserServiceTest" name="testUserEdit1" time="0.027"/>
  <testcase classname="com.poly.service.testng.UserServiceTest" name="testUserEdit2" time="0.018"/>
  <testcase classname="com.poly.service.testng.UserServiceTest" name="testUserEdit3" time="0.012"/>
  <testcase classname="com.poly.service.testng.UserServiceTest" name="testUserList1" time="0.031"/>
  <testcase classname="com.poly.service.testng.UserServiceTest" name="testUserList2" time="0.008"/>
  <testcase classname="com.poly.service.testng.UserServiceTest" name="testUserSearch1" time="0.002"/>
  <testcase classname="com.poly.service.testng.UserServiceTest" name="testUserSearch2" time="0.004"/>
  <testcase classname="com.poly.service.testng.HistoryServiceTest" name="testFavoriteList1" time="0.044"/>
  <testcase classname="com.poly.service.testng.HistoryServiceTest" name="testFavoriteList2" time="0.001"/>
  <testcase classname="com.poly.service.testng.HistoryServiceTest" name="testFavoriteList3" time="0.002"/>
  <testcase classname="com.poly.service.testng.HistoryServiceTest" name="testHistoryAdd1" time="0.077"/>
  <testcase classname="com.poly.service.testng.HistoryServiceTest" name="testHistoryAdd2" time="0.001"/>
  <testcase classname="com.poly.service.testng.HistoryServiceTest" name="testHistoryAdd3" time="0.087"/>
  <testcase classname="com.poly.service.testng.HistoryServiceTest" name="testHistoryDelete1" time="0.066"/>
  <testcase classname="com.poly.service.testng.HistoryServiceTest" name="testHistoryDelete2" time="0.001"/>
  <testcase classname="com.poly.service.testng.HistoryServiceTest" name="testHistoryDelete3" time="0.002"/>
  <testcase classname="com.poly.service.testng.HistoryServiceTest" name="testHistoryDelete4" time="0.033"/>
  <testcase classname="com.poly.service.testng.HistoryServiceTest" name="testHistoryList1" time="0.057"/>
  <testcase classname="com.poly.service.testng.HistoryServiceTest" name="testHistoryList2" time="0.001"/>
  <testcase classname="com.poly.service.testng.HistoryServiceTest" name="testHistoryList3" time="0.001"/>
  <testcase classname="com.poly.service.testng.HistoryServiceTest" name="testLikeVideo1" time="0.049"/>
  <testcase classname="com.poly.service.testng.HistoryServiceTest" name="testLikeVideo2" time="0.01"/>
  <testcase classname="com.poly.service.testng.ShareServiceTest" name="testShareAdd1" time="0.014"/>
  <testcase classname="com.poly.service.testng.ShareServiceTest" name="testShareAdd2" time="0.001"/>
  <testcase classname="com.poly.service.testng.ShareServiceTest" name="testShareAdd3" time="0.001"/>
  <testcase classname="com.poly.service.testng.ShareServiceTest" name="testShareList1" time="0.024"/>
  <testcase classname="com.poly.service.testng.ShareServiceTest" name="testShareList2" time="0.001"/>
  <testcase classname="com.poly.service.testng.ShareServiceTest" name="testShareList3" time="0.002"/>
</testsuite> <!-- TestNG -->
