<?xml version="1.0" encoding="UTF-8"?>
<!-- Generated by org.testng.reporters.JUnitXMLReporter -->
<testsuite ignored="0" hostname="MinhNH" failures="0" tests="3" name="Default test" time="49.526" errors="0" timestamp="2021-12-13T08:23:56 ICT">
  <testcase classname="com.poly.service.testng_selenium.ChangePassTest" name="changePassword" time="16.349"/>
  <testcase classname="com.poly.service.testng_selenium.ChangePassTest" name="changePassword" time="15.25"/>
  <testcase classname="com.poly.service.testng_selenium.ChangePassTest" name="changePassword" time="4.08"/>
</testsuite> <!-- Default test -->
